<?xml version="1.0" encoding="UTF-8"?>
<testsuites name="SOAPDataDrivenTestingSuite" time="11" tests="3" failures="0" errors="0">
   <testsuite name="SOAPDataDrivenTestingSuite" tests="3" failures="0" errors="0" time="11" timestamp="2018-11-27 02:28:25" hostname="Ronnachai C - DESKTOP-0PTJ8Q3.mshome.net" id="Test Suites/SOAPDataDrivenTestingSuite">
      <properties>
         <property name="deviceName" value=""/>
         <property name="devicePlatform" value=""/>
         <property name="logFolder" value="C:\\Users\\Ronnachai C\\Katalon Studio\\APITestingDemo\\Reports\\SOAPDataDrivenTestingSuite\\20181127_022820"/>
         <property name="logFiles" value="C:\\Users\\Ronnachai C\\Katalon Studio\\APITestingDemo\\Reports\\SOAPDataDrivenTestingSuite\\20181127_022820\\execution0.log"/>
         <property name="attachments" value=""/>
         <property name="hostName" value="Ronnachai C - DESKTOP-0PTJ8Q3.mshome.net"/>
         <property name="hostAddress" value="192.168.77.177"/>
         <property name="os" value="Windows 10 64bit"/>
         <property name="katalonVersion" value="5.8.6.1"/>
      </properties>
      <testcase name="Test Cases/SOAP Test Case/TestFour_DataDrivenDemo" classname="Test Cases/SOAP Test Case/TestFour_DataDrivenDemo" status="PASSED">
         <system-out><![CDATA[2018-11-27 02:28:26 - [TEST_CASE][PASSED] - Test Cases/SOAP Test Case/TestFour_DataDrivenDemo: Test Cases/SOAP Test Case/TestFour_DataDrivenDemo

2018-11-27 02:28:28 - [TEST_STEP][PASSED] - Statement - response1 = com.kms.katalon.core.webservice.keyword.WSBuiltInKeywords.sendRequest(com.kms.katalon.core.testobject.ObjectRepository.findTestObject(SOAP/CountryInfoSOAPService/GetCapital_DataDrivenTesting, [CountryCode:CountryCode1])): Send request successfully

2018-11-27 02:28:30 - [MESSAGE][PASSED] - Send request successfully

2018-11-27 02:28:30 - [TEST_STEP][PASSED] - verifyElementText: Verify element text successfully

2018-11-27 02:28:31 - [MESSAGE][PASSED] - Verify element text successfully

2018-11-27 02:28:31 - [TEST_STEP][PASSED] - Statement - response2 = com.kms.katalon.core.webservice.keyword.WSBuiltInKeywords.sendRequest(com.kms.katalon.core.testobject.ObjectRepository.findTestObject(SOAP/CountryInfoSOAPService/GetCurrency_DataDrivenTesting, [CountryCode:CountryCode1])): Send request successfully

2018-11-27 02:28:33 - [MESSAGE][PASSED] - Send request successfully

2018-11-27 02:28:33 - [TEST_STEP][PASSED] - verifyElementText: Verify element text successfully

2018-11-27 02:28:33 - [MESSAGE][PASSED] - Verify element text successfully]]></system-out>
         <system-err><![CDATA[]]></system-err>
      </testcase>
      <testcase name="Test Cases/SOAP Test Case/TestFour_DataDrivenDemo" classname="Test Cases/SOAP Test Case/TestFour_DataDrivenDemo" status="PASSED">
         <system-out><![CDATA[2018-11-27 02:28:33 - [TEST_CASE][PASSED] - Test Cases/SOAP Test Case/TestFour_DataDrivenDemo: Test Cases/SOAP Test Case/TestFour_DataDrivenDemo

2018-11-27 02:28:33 - [TEST_STEP][PASSED] - Statement - response1 = com.kms.katalon.core.webservice.keyword.WSBuiltInKeywords.sendRequest(com.kms.katalon.core.testobject.ObjectRepository.findTestObject(SOAP/CountryInfoSOAPService/GetCapital_DataDrivenTesting, [CountryCode:CountryCode1])): Send request successfully

2018-11-27 02:28:34 - [MESSAGE][PASSED] - Send request successfully

2018-11-27 02:28:34 - [TEST_STEP][PASSED] - verifyElementText: Verify element text successfully

2018-11-27 02:28:34 - [MESSAGE][PASSED] - Verify element text successfully

2018-11-27 02:28:34 - [TEST_STEP][PASSED] - Statement - response2 = com.kms.katalon.core.webservice.keyword.WSBuiltInKeywords.sendRequest(com.kms.katalon.core.testobject.ObjectRepository.findTestObject(SOAP/CountryInfoSOAPService/GetCurrency_DataDrivenTesting, [CountryCode:CountryCode1])): Send request successfully

2018-11-27 02:28:35 - [MESSAGE][PASSED] - Send request successfully

2018-11-27 02:28:35 - [TEST_STEP][PASSED] - verifyElementText: Verify element text successfully

2018-11-27 02:28:35 - [MESSAGE][PASSED] - Verify element text successfully]]></system-out>
         <system-err><![CDATA[]]></system-err>
      </testcase>
      <testcase name="Test Cases/SOAP Test Case/TestFour_DataDrivenDemo" classname="Test Cases/SOAP Test Case/TestFour_DataDrivenDemo" status="PASSED">
         <system-out><![CDATA[2018-11-27 02:28:35 - [TEST_CASE][PASSED] - Test Cases/SOAP Test Case/TestFour_DataDrivenDemo: Test Cases/SOAP Test Case/TestFour_DataDrivenDemo

2018-11-27 02:28:35 - [TEST_STEP][PASSED] - Statement - response1 = com.kms.katalon.core.webservice.keyword.WSBuiltInKeywords.sendRequest(com.kms.katalon.core.testobject.ObjectRepository.findTestObject(SOAP/CountryInfoSOAPService/GetCapital_DataDrivenTesting, [CountryCode:CountryCode1])): Send request successfully

2018-11-27 02:28:36 - [MESSAGE][PASSED] - Send request successfully

2018-11-27 02:28:36 - [TEST_STEP][PASSED] - verifyElementText: Verify element text successfully

2018-11-27 02:28:36 - [MESSAGE][PASSED] - Verify element text successfully

2018-11-27 02:28:36 - [TEST_STEP][PASSED] - Statement - response2 = com.kms.katalon.core.webservice.keyword.WSBuiltInKeywords.sendRequest(com.kms.katalon.core.testobject.ObjectRepository.findTestObject(SOAP/CountryInfoSOAPService/GetCurrency_DataDrivenTesting, [CountryCode:CountryCode1])): Send request successfully

2018-11-27 02:28:37 - [MESSAGE][PASSED] - Send request successfully

2018-11-27 02:28:37 - [TEST_STEP][PASSED] - verifyElementText: Verify element text successfully

2018-11-27 02:28:37 - [MESSAGE][PASSED] - Verify element text successfully]]></system-out>
         <system-err><![CDATA[]]></system-err>
      </testcase>
      <system-out><![CDATA[2018-11-27 02:28:25 - [TEST_SUITE][PASSED] - SOAPDataDrivenTestingSuite: Test Cases/SOAP Test Case/TestFour_DataDrivenDemo]]></system-out>
      <system-err><![CDATA[]]></system-err>
   </testsuite>
</testsuites>
