<?xml version="1.0" encoding="UTF-8"?>
<testsuites name="SOAPDataDrivenTestingSuite" time="14" tests="3" failures="0" errors="0">
   <testsuite name="SOAPDataDrivenTestingSuite" tests="3" failures="0" errors="0" time="14" timestamp="2018-11-27 02:42:47" hostname="Ronnachai C - DESKTOP-0PTJ8Q3.mshome.net" id="Test Suites/SOAPDataDrivenTestingSuite">
      <properties>
         <property name="deviceName" value=""/>
         <property name="devicePlatform" value=""/>
         <property name="logFolder" value="C:\\Users\\Ronnachai C\\Katalon Studio\\APITestingDemo\\Reports\\SOAPDataDrivenTestingSuite\\20181127_024240"/>
         <property name="logFiles" value="C:\\Users\\Ronnachai C\\Katalon Studio\\APITestingDemo\\Reports\\SOAPDataDrivenTestingSuite\\20181127_024240\\execution0.log"/>
         <property name="attachments" value=""/>
         <property name="hostName" value="Ronnachai C - DESKTOP-0PTJ8Q3.mshome.net"/>
         <property name="hostAddress" value="192.168.77.177"/>
         <property name="os" value="Windows 10 64bit"/>
         <property name="katalonVersion" value="5.8.6.1"/>
      </properties>
      <testcase name="Test Cases/SOAP Test Case/TestFour_DataDrivenDemo" classname="Test Cases/SOAP Test Case/TestFour_DataDrivenDemo" status="PASSED">
         <system-out><![CDATA[2018-11-27 02:42:49 - [TEST_CASE][PASSED] - Test Cases/SOAP Test Case/TestFour_DataDrivenDemo: Test Cases/SOAP Test Case/TestFour_DataDrivenDemo

2018-11-27 02:42:51 - [TEST_STEP][PASSED] - Statement - response1 = com.kms.katalon.core.webservice.keyword.WSBuiltInKeywords.sendRequest(com.kms.katalon.core.testobject.ObjectRepository.findTestObject(SOAP/CountryInfoSOAPService/GetCapital_DataDrivenTesting, [CountryCode:CountryCode1])): Send request successfully

2018-11-27 02:42:55 - [MESSAGE][PASSED] - Send request successfully

2018-11-27 02:42:55 - [TEST_STEP][PASSED] - verifyElementText: Verify element text successfully

2018-11-27 02:42:56 - [MESSAGE][PASSED] - Verify element text successfully

2018-11-27 02:42:56 - [TEST_STEP][PASSED] - Statement - response2 = com.kms.katalon.core.webservice.keyword.WSBuiltInKeywords.sendRequest(com.kms.katalon.core.testobject.ObjectRepository.findTestObject(SOAP/CountryInfoSOAPService/GetCurrency_DataDrivenTesting, [CountryCode:CountryCode1])): Send request successfully

2018-11-27 02:42:57 - [MESSAGE][PASSED] - Send request successfully

2018-11-27 02:42:57 - [TEST_STEP][PASSED] - verifyElementText: Verify element text successfully

2018-11-27 02:42:57 - [MESSAGE][PASSED] - Verify element text successfully]]></system-out>
         <system-err><![CDATA[]]></system-err>
      </testcase>
      <testcase name="Test Cases/SOAP Test Case/TestFour_DataDrivenDemo" classname="Test Cases/SOAP Test Case/TestFour_DataDrivenDemo" status="PASSED">
         <system-out><![CDATA[2018-11-27 02:42:57 - [TEST_CASE][PASSED] - Test Cases/SOAP Test Case/TestFour_DataDrivenDemo: Test Cases/SOAP Test Case/TestFour_DataDrivenDemo

2018-11-27 02:42:57 - [TEST_STEP][PASSED] - Statement - response1 = com.kms.katalon.core.webservice.keyword.WSBuiltInKeywords.sendRequest(com.kms.katalon.core.testobject.ObjectRepository.findTestObject(SOAP/CountryInfoSOAPService/GetCapital_DataDrivenTesting, [CountryCode:CountryCode1])): Send request successfully

2018-11-27 02:42:58 - [MESSAGE][PASSED] - Send request successfully

2018-11-27 02:42:58 - [TEST_STEP][PASSED] - verifyElementText: Verify element text successfully

2018-11-27 02:42:58 - [MESSAGE][PASSED] - Verify element text successfully

2018-11-27 02:42:58 - [TEST_STEP][PASSED] - Statement - response2 = com.kms.katalon.core.webservice.keyword.WSBuiltInKeywords.sendRequest(com.kms.katalon.core.testobject.ObjectRepository.findTestObject(SOAP/CountryInfoSOAPService/GetCurrency_DataDrivenTesting, [CountryCode:CountryCode1])): Send request successfully

2018-11-27 02:42:59 - [MESSAGE][PASSED] - Send request successfully

2018-11-27 02:42:59 - [TEST_STEP][PASSED] - verifyElementText: Verify element text successfully

2018-11-27 02:42:59 - [MESSAGE][PASSED] - Verify element text successfully]]></system-out>
         <system-err><![CDATA[]]></system-err>
      </testcase>
      <testcase name="Test Cases/SOAP Test Case/TestFour_DataDrivenDemo" classname="Test Cases/SOAP Test Case/TestFour_DataDrivenDemo" status="PASSED">
         <system-out><![CDATA[2018-11-27 02:42:59 - [TEST_CASE][PASSED] - Test Cases/SOAP Test Case/TestFour_DataDrivenDemo: Test Cases/SOAP Test Case/TestFour_DataDrivenDemo

2018-11-27 02:42:59 - [TEST_STEP][PASSED] - Statement - response1 = com.kms.katalon.core.webservice.keyword.WSBuiltInKeywords.sendRequest(com.kms.katalon.core.testobject.ObjectRepository.findTestObject(SOAP/CountryInfoSOAPService/GetCapital_DataDrivenTesting, [CountryCode:CountryCode1])): Send request successfully

2018-11-27 02:43:00 - [MESSAGE][PASSED] - Send request successfully

2018-11-27 02:43:00 - [TEST_STEP][PASSED] - verifyElementText: Verify element text successfully

2018-11-27 02:43:01 - [MESSAGE][PASSED] - Verify element text successfully

2018-11-27 02:43:01 - [TEST_STEP][PASSED] - Statement - response2 = com.kms.katalon.core.webservice.keyword.WSBuiltInKeywords.sendRequest(com.kms.katalon.core.testobject.ObjectRepository.findTestObject(SOAP/CountryInfoSOAPService/GetCurrency_DataDrivenTesting, [CountryCode:CountryCode1])): Send request successfully

2018-11-27 02:43:01 - [MESSAGE][PASSED] - Send request successfully

2018-11-27 02:43:01 - [TEST_STEP][PASSED] - verifyElementText: Verify element text successfully

2018-11-27 02:43:01 - [MESSAGE][PASSED] - Verify element text successfully]]></system-out>
         <system-err><![CDATA[]]></system-err>
      </testcase>
      <system-out><![CDATA[2018-11-27 02:42:47 - [TEST_SUITE][PASSED] - SOAPDataDrivenTestingSuite: Test Cases/SOAP Test Case/TestFour_DataDrivenDemo]]></system-out>
      <system-err><![CDATA[]]></system-err>
   </testsuite>
</testsuites>
