<?xml version="1.0" encoding="UTF-8"?>
<testsuites name="RESTSampleDemoSuite" time="15" tests="2" failures="0" errors="0">
   <testsuite name="RESTSampleDemoSuite" tests="2" failures="0" errors="0" time="15" timestamp="2018-11-27 02:43:44" hostname="Ronnachai C - DESKTOP-0PTJ8Q3.mshome.net" id="Test Suites/RESTSampleDemoSuite">
      <properties>
         <property name="deviceName" value=""/>
         <property name="devicePlatform" value=""/>
         <property name="logFolder" value="C:\\Users\\Ronnachai C\\Katalon Studio\\APITestingDemo\\Reports\\RESTSampleDemoSuite\\20181127_024339"/>
         <property name="logFiles" value="C:\\Users\\Ronnachai C\\Katalon Studio\\APITestingDemo\\Reports\\RESTSampleDemoSuite\\20181127_024339\\execution0.log"/>
         <property name="attachments" value=""/>
         <property name="hostName" value="Ronnachai C - DESKTOP-0PTJ8Q3.mshome.net"/>
         <property name="hostAddress" value="192.168.77.177"/>
         <property name="os" value="Windows 10 64bit"/>
         <property name="katalonVersion" value="5.8.6.1"/>
      </properties>
      <testcase name="Test Cases/REST Test Case/TestOne" classname="Test Cases/REST Test Case/TestOne" status="PASSED">
         <system-out><![CDATA[2018-11-27 02:43:45 - [TEST_CASE][PASSED] - Test Cases/REST Test Case/TestOne: Test Cases/REST Test Case/TestOne

2018-11-27 02:43:47 - [TEST_STEP][PASSED] - sendRequestAndVerify: Send request and verify the response successfully

2018-11-27 02:43:51 - [TEST_CASE][PASSED] - Start Test Case : Verification: Verification accomplished successfully

2018-11-27 02:43:52 - [TEST_STEP][PASSED] - Statement - request = com.kms.katalon.core.webservice.verification.WSResponseManager.getInstance().getCurrentRequest(): null

2018-11-27 02:43:52 - [TEST_STEP][PASSED] - Statement - response = com.kms.katalon.core.webservice.verification.WSResponseManager.getInstance().getCurrentResponse(): null

2018-11-27 02:43:52 - [TEST_STEP][PASSED] - verifyResponseStatusCode: Verify response status code successfully

2018-11-27 02:43:52 - [MESSAGE][PASSED] - Verify response status code successfully

2018-11-27 02:43:52 - [TEST_STEP][PASSED] - Statement - org.assertj.core.api.Assertions.assertThat(response.getStatusCode()).isEqualTo(200): null

2018-11-27 02:43:53 - [TEST_STEP][PASSED] - verifyElementPropertyValue: Verify element property value successfully

2018-11-27 02:43:53 - [MESSAGE][PASSED] - Verify element property value successfully

2018-11-27 02:43:53 - [MESSAGE][PASSED] - Verify response successfully

2018-11-27 02:43:53 - [MESSAGE][PASSED] - Send request and verify the response successfully

2018-11-27 02:43:53 - [TEST_STEP][PASSED] - sendRequestAndVerify: Send request and verify the response successfully

2018-11-27 02:43:54 - [TEST_CASE][PASSED] - Start Test Case : Verification: Verification accomplished successfully

2018-11-27 02:43:55 - [TEST_STEP][PASSED] - Statement - request = com.kms.katalon.core.webservice.verification.WSResponseManager.getInstance().getCurrentRequest(): null

2018-11-27 02:43:55 - [TEST_STEP][PASSED] - Statement - response = com.kms.katalon.core.webservice.verification.WSResponseManager.getInstance().getCurrentResponse(): null

2018-11-27 02:43:55 - [TEST_STEP][PASSED] - verifyResponseStatusCode: Verify response status code successfully

2018-11-27 02:43:55 - [MESSAGE][PASSED] - Verify response status code successfully

2018-11-27 02:43:55 - [TEST_STEP][PASSED] - Statement - org.assertj.core.api.Assertions.assertThat(response.getStatusCode()).isEqualTo(201): null

2018-11-27 02:43:55 - [MESSAGE][PASSED] - Verify response successfully

2018-11-27 02:43:55 - [MESSAGE][PASSED] - Send request and verify the response successfully]]></system-out>
         <system-err><![CDATA[]]></system-err>
      </testcase>
      <testcase name="Test Cases/REST Test Case/TestTwo_APIChaining" classname="Test Cases/REST Test Case/TestTwo_APIChaining" status="PASSED">
         <system-out><![CDATA[2018-11-27 02:43:55 - [TEST_CASE][PASSED] - Test Cases/REST Test Case/TestTwo_APIChaining: Test Cases/REST Test Case/TestTwo_APIChaining

2018-11-27 02:43:57 - [TEST_STEP][PASSED] - Statement - response1 = com.kms.katalon.core.webservice.keyword.WSBuiltInKeywords.sendRequestAndVerify(com.kms.katalon.core.testobject.ObjectRepository.findTestObject(RESTWebServices/ListUsers)): Send request and verify the response successfully

2018-11-27 02:43:58 - [TEST_CASE][PASSED] - Start Test Case : Verification: Verification accomplished successfully

2018-11-27 02:43:58 - [TEST_STEP][PASSED] - Statement - request = com.kms.katalon.core.webservice.verification.WSResponseManager.getInstance().getCurrentRequest(): null

2018-11-27 02:43:58 - [TEST_STEP][PASSED] - Statement - response = com.kms.katalon.core.webservice.verification.WSResponseManager.getInstance().getCurrentResponse(): null

2018-11-27 02:43:58 - [TEST_STEP][PASSED] - verifyResponseStatusCode: Verify response status code successfully

2018-11-27 02:43:58 - [MESSAGE][PASSED] - Verify response status code successfully

2018-11-27 02:43:58 - [TEST_STEP][PASSED] - Statement - org.assertj.core.api.Assertions.assertThat(response.getStatusCode()).isEqualTo(200): null

2018-11-27 02:43:58 - [TEST_STEP][PASSED] - verifyElementPropertyValue: Verify element property value successfully

2018-11-27 02:43:58 - [MESSAGE][PASSED] - Verify element property value successfully

2018-11-27 02:43:58 - [MESSAGE][PASSED] - Verify response successfully

2018-11-27 02:43:58 - [MESSAGE][PASSED] - Send request and verify the response successfully

2018-11-27 02:43:58 - [TEST_STEP][PASSED] - Statement - slurper = new groovy.json.JsonSlurper(): null

2018-11-27 02:43:58 - [TEST_STEP][PASSED] - Statement - result = slurper.parseText(response1.getResponseBodyContent()): null

2018-11-27 02:43:58 - [TEST_STEP][PASSED] - Statement - dataValue = first_name: null

2018-11-27 02:43:58 - [TEST_STEP][PASSED] - sendRequest: Send request successfully

2018-11-27 02:43:59 - [MESSAGE][PASSED] - Send request successfully]]></system-out>
         <system-err><![CDATA[]]></system-err>
      </testcase>
      <system-out><![CDATA[2018-11-27 02:43:44 - [TEST_SUITE][PASSED] - RESTSampleDemoSuite: Test Cases/REST Test Case/TestTwo_APIChaining]]></system-out>
      <system-err><![CDATA[]]></system-err>
   </testsuite>
</testsuites>
