<?xml version="1.0" encoding="UTF-8"?>
<testsuites name="SOAPDataDrivenTestingSuite" time="13" tests="3" failures="0" errors="0">
   <testsuite name="SOAPDataDrivenTestingSuite" tests="3" failures="0" errors="0" time="13" timestamp="2018-11-27 02:34:45" hostname="Ronnachai C - DESKTOP-0PTJ8Q3.mshome.net" id="Test Suites/SOAPDataDrivenTestingSuite">
      <properties>
         <property name="deviceName" value=""/>
         <property name="devicePlatform" value=""/>
         <property name="logFolder" value="C:\\Users\\Ronnachai C\\Katalon Studio\\APITestingDemo\\Reports\\SOAPDataDrivenTestingSuite\\20181127_023436"/>
         <property name="logFiles" value="C:\\Users\\Ronnachai C\\Katalon Studio\\APITestingDemo\\Reports\\SOAPDataDrivenTestingSuite\\20181127_023436\\execution0.log"/>
         <property name="attachments" value=""/>
         <property name="hostName" value="Ronnachai C - DESKTOP-0PTJ8Q3.mshome.net"/>
         <property name="hostAddress" value="192.168.77.177"/>
         <property name="os" value="Windows 10 64bit"/>
         <property name="katalonVersion" value="5.8.6.1"/>
      </properties>
      <testcase name="Test Cases/SOAP Test Case/TestFour_DataDrivenDemo" classname="Test Cases/SOAP Test Case/TestFour_DataDrivenDemo" status="PASSED">
         <system-out><![CDATA[2018-11-27 02:34:46 - [TEST_CASE][PASSED] - Test Cases/SOAP Test Case/TestFour_DataDrivenDemo: Test Cases/SOAP Test Case/TestFour_DataDrivenDemo

2018-11-27 02:34:48 - [TEST_STEP][PASSED] - Statement - response1 = com.kms.katalon.core.webservice.keyword.WSBuiltInKeywords.sendRequest(com.kms.katalon.core.testobject.ObjectRepository.findTestObject(SOAP/CountryInfoSOAPService/GetCapital_DataDrivenTesting, [CountryCode:CountryCode1])): Send request successfully

2018-11-27 02:34:51 - [MESSAGE][PASSED] - Send request successfully

2018-11-27 02:34:51 - [TEST_STEP][PASSED] - verifyElementText: Verify element text successfully

2018-11-27 02:34:52 - [MESSAGE][PASSED] - Verify element text successfully

2018-11-27 02:34:52 - [TEST_STEP][PASSED] - Statement - response2 = com.kms.katalon.core.webservice.keyword.WSBuiltInKeywords.sendRequest(com.kms.katalon.core.testobject.ObjectRepository.findTestObject(SOAP/CountryInfoSOAPService/GetCurrency_DataDrivenTesting, [CountryCode:CountryCode1])): Send request successfully

2018-11-27 02:34:53 - [MESSAGE][PASSED] - Send request successfully

2018-11-27 02:34:53 - [TEST_STEP][PASSED] - verifyElementText: Verify element text successfully

2018-11-27 02:34:53 - [MESSAGE][PASSED] - Verify element text successfully]]></system-out>
         <system-err><![CDATA[]]></system-err>
      </testcase>
      <testcase name="Test Cases/SOAP Test Case/TestFour_DataDrivenDemo" classname="Test Cases/SOAP Test Case/TestFour_DataDrivenDemo" status="PASSED">
         <system-out><![CDATA[2018-11-27 02:34:54 - [TEST_CASE][PASSED] - Test Cases/SOAP Test Case/TestFour_DataDrivenDemo: Test Cases/SOAP Test Case/TestFour_DataDrivenDemo

2018-11-27 02:34:54 - [TEST_STEP][PASSED] - Statement - response1 = com.kms.katalon.core.webservice.keyword.WSBuiltInKeywords.sendRequest(com.kms.katalon.core.testobject.ObjectRepository.findTestObject(SOAP/CountryInfoSOAPService/GetCapital_DataDrivenTesting, [CountryCode:CountryCode1])): Send request successfully

2018-11-27 02:34:55 - [MESSAGE][PASSED] - Send request successfully

2018-11-27 02:34:55 - [TEST_STEP][PASSED] - verifyElementText: Verify element text successfully

2018-11-27 02:34:55 - [MESSAGE][PASSED] - Verify element text successfully

2018-11-27 02:34:55 - [TEST_STEP][PASSED] - Statement - response2 = com.kms.katalon.core.webservice.keyword.WSBuiltInKeywords.sendRequest(com.kms.katalon.core.testobject.ObjectRepository.findTestObject(SOAP/CountryInfoSOAPService/GetCurrency_DataDrivenTesting, [CountryCode:CountryCode1])): Send request successfully

2018-11-27 02:34:56 - [MESSAGE][PASSED] - Send request successfully

2018-11-27 02:34:56 - [TEST_STEP][PASSED] - verifyElementText: Verify element text successfully

2018-11-27 02:34:56 - [MESSAGE][PASSED] - Verify element text successfully]]></system-out>
         <system-err><![CDATA[]]></system-err>
      </testcase>
      <testcase name="Test Cases/SOAP Test Case/TestFour_DataDrivenDemo" classname="Test Cases/SOAP Test Case/TestFour_DataDrivenDemo" status="PASSED">
         <system-out><![CDATA[2018-11-27 02:34:56 - [TEST_CASE][PASSED] - Test Cases/SOAP Test Case/TestFour_DataDrivenDemo: Test Cases/SOAP Test Case/TestFour_DataDrivenDemo

2018-11-27 02:34:56 - [TEST_STEP][PASSED] - Statement - response1 = com.kms.katalon.core.webservice.keyword.WSBuiltInKeywords.sendRequest(com.kms.katalon.core.testobject.ObjectRepository.findTestObject(SOAP/CountryInfoSOAPService/GetCapital_DataDrivenTesting, [CountryCode:CountryCode1])): Send request successfully

2018-11-27 02:34:57 - [MESSAGE][PASSED] - Send request successfully

2018-11-27 02:34:57 - [TEST_STEP][PASSED] - verifyElementText: Verify element text successfully

2018-11-27 02:34:57 - [MESSAGE][PASSED] - Verify element text successfully

2018-11-27 02:34:57 - [TEST_STEP][PASSED] - Statement - response2 = com.kms.katalon.core.webservice.keyword.WSBuiltInKeywords.sendRequest(com.kms.katalon.core.testobject.ObjectRepository.findTestObject(SOAP/CountryInfoSOAPService/GetCurrency_DataDrivenTesting, [CountryCode:CountryCode1])): Send request successfully

2018-11-27 02:34:58 - [MESSAGE][PASSED] - Send request successfully

2018-11-27 02:34:58 - [TEST_STEP][PASSED] - verifyElementText: Verify element text successfully

2018-11-27 02:34:58 - [MESSAGE][PASSED] - Verify element text successfully]]></system-out>
         <system-err><![CDATA[]]></system-err>
      </testcase>
      <system-out><![CDATA[2018-11-27 02:34:45 - [TEST_SUITE][PASSED] - SOAPDataDrivenTestingSuite: Test Cases/SOAP Test Case/TestFour_DataDrivenDemo]]></system-out>
      <system-err><![CDATA[]]></system-err>
   </testsuite>
</testsuites>
